<?xml version="1.0" encoding="UTF-8"?>
<coverage generated="1572731080">
  <project timestamp="1572731080">
    <package name="teewurst\Prs4AdvancedWildcardComposer\Di">
      <file name="C:\Users\martin.ruf\projects\sonstiges\psr4-wildcard-composer-plugin\src\Di\Container.php">
        <class name="teewurst\Prs4AdvancedWildcardComposer\Di\Container" namespace="teewurst\Prs4AdvancedWildcardComposer\Di" fullPackage="teewurst" package="teewurst">
          <metrics complexity="6" methods="4" coveredmethods="4" conditionals="0" coveredconditionals="0" statements="9" coveredstatements="9" elements="13" coveredelements="13"/>
        </class>
        <line num="25" type="method" name="__construct" visibility="public" complexity="1" crap="1" count="6"/>
        <line num="27" type="stmt" count="6"/>
        <line num="28" type="stmt" count="6"/>
        <line num="29" type="stmt" count="6"/>
        <line num="35" type="method" name="get" visibility="public" complexity="3" crap="3" count="5"/>
        <line num="37" type="stmt" count="5"/>
        <line num="38" type="stmt" count="2"/>
        <line num="40" type="stmt" count="5"/>
        <line num="48" type="method" name="set" visibility="public" complexity="1" crap="1" count="3"/>
        <line num="50" type="stmt" count="3"/>
        <line num="51" type="stmt" count="3"/>
        <line num="57" type="method" name="has" visibility="public" complexity="1" crap="1" count="6"/>
        <line num="59" type="stmt" count="6"/>
        <metrics loc="61" ncloc="34" classes="1" methods="4" coveredmethods="4" conditionals="0" coveredconditionals="0" statements="9" coveredstatements="9" elements="13" coveredelements="13"/>
      </file>
      <file name="C:\Users\martin.ruf\projects\sonstiges\psr4-wildcard-composer-plugin\src\Di\InvokableFactory.php">
        <class name="teewurst\Prs4AdvancedWildcardComposer\Di\InvokableFactory" namespace="teewurst\Prs4AdvancedWildcardComposer\Di" fullPackage="teewurst" package="teewurst">
          <metrics complexity="1" methods="1" coveredmethods="1" conditionals="0" coveredconditionals="0" statements="1" coveredstatements="1" elements="2" coveredelements="2"/>
        </class>
        <line num="23" type="method" name="__invoke" visibility="public" complexity="1" crap="1" count="2"/>
        <line num="25" type="stmt" count="2"/>
        <metrics loc="27" ncloc="13" classes="1" methods="1" coveredmethods="1" conditionals="0" coveredconditionals="0" statements="1" coveredstatements="1" elements="2" coveredelements="2"/>
      </file>
    </package>
    <file name="C:\Users\martin.ruf\projects\sonstiges\psr4-wildcard-composer-plugin\src\Di\FactoryInterface.php">
      <metrics loc="24" ncloc="10" classes="0" methods="0" coveredmethods="0" conditionals="0" coveredconditionals="0" statements="0" coveredstatements="0" elements="0" coveredelements="0"/>
    </file>
    <package name="teewurst\Prs4AdvancedWildcardComposer\FileAccessor">
      <file name="C:\Users\martin.ruf\projects\sonstiges\psr4-wildcard-composer-plugin\src\FileAccessor\ComposerDevelopmentJson.php">
        <class name="teewurst\Prs4AdvancedWildcardComposer\FileAccessor\ComposerDevelopmentJson" namespace="teewurst\Prs4AdvancedWildcardComposer\FileAccessor" fullPackage="teewurst" package="teewurst">
          <metrics complexity="3" methods="3" coveredmethods="3" conditionals="0" coveredconditionals="0" statements="18" coveredstatements="18" elements="21" coveredelements="21"/>
        </class>
        <line num="36" type="method" name="__construct" visibility="public" complexity="1" crap="1" count="2"/>
        <line num="41" type="stmt" count="2"/>
        <line num="42" type="stmt" count="2"/>
        <line num="43" type="stmt" count="2"/>
        <line num="44" type="stmt" count="2"/>
        <line num="46" type="method" name="setPayload" visibility="public" complexity="1" crap="1" count="2"/>
        <line num="48" type="stmt" count="2"/>
        <line num="49" type="stmt" count="2"/>
        <line num="51" type="method" name="persist" visibility="public" complexity="1" crap="1" count="2"/>
        <line num="53" type="stmt" count="2"/>
        <line num="54" type="stmt" count="2"/>
        <line num="55" type="stmt" count="2"/>
        <line num="57" type="stmt" count="2"/>
        <line num="59" type="stmt" count="2"/>
        <line num="60" type="stmt" count="2"/>
        <line num="62" type="stmt" count="2"/>
        <line num="63" type="stmt" count="2"/>
        <line num="64" type="stmt" count="2"/>
        <line num="65" type="stmt" count="2"/>
        <line num="66" type="stmt" count="2"/>
        <line num="69" type="stmt" count="2"/>
        <metrics loc="70" ncloc="53" classes="1" methods="3" coveredmethods="3" conditionals="0" coveredconditionals="0" statements="18" coveredstatements="18" elements="21" coveredelements="21"/>
      </file>
    </package>
    <package name="teewurst\Prs4AdvancedWildcardComposer\FileAccessor\Factory">
      <file name="C:\Users\martin.ruf\projects\sonstiges\psr4-wildcard-composer-plugin\src\FileAccessor\Factory\ComposerDevelopmentJsonFactory.php">
        <class name="teewurst\Prs4AdvancedWildcardComposer\FileAccessor\Factory\ComposerDevelopmentJsonFactory" namespace="teewurst\Prs4AdvancedWildcardComposer\FileAccessor\Factory" fullPackage="teewurst" package="teewurst">
          <metrics complexity="1" methods="1" coveredmethods="1" conditionals="0" coveredconditionals="0" statements="2" coveredstatements="2" elements="3" coveredelements="3"/>
        </class>
        <line num="28" type="method" name="__invoke" visibility="public" complexity="1" crap="1" count="1"/>
        <line num="31" type="stmt" count="1"/>
        <line num="32" type="stmt" count="1"/>
        <metrics loc="34" ncloc="19" classes="1" methods="1" coveredmethods="1" conditionals="0" coveredconditionals="0" statements="2" coveredstatements="2" elements="3" coveredelements="3"/>
      </file>
    </package>
    <package name="teewurst\Prs4AdvancedWildcardComposer\Pipeline\Factory">
      <file name="C:\Users\martin.ruf\projects\sonstiges\psr4-wildcard-composer-plugin\src\Pipeline\Factory\PipelineFactory.php">
        <class name="teewurst\Prs4AdvancedWildcardComposer\Pipeline\Factory\PipelineFactory" namespace="teewurst\Prs4AdvancedWildcardComposer\Pipeline\Factory">
          <metrics complexity="1" methods="1" coveredmethods="1" conditionals="0" coveredconditionals="0" statements="7" coveredstatements="7" elements="8" coveredelements="8"/>
        </class>
        <line num="18" type="method" name="__invoke" visibility="public" complexity="1" crap="1" count="1"/>
        <line num="20" type="stmt" count="1"/>
        <line num="22" type="stmt" count="1"/>
        <line num="23" type="stmt" count="1"/>
        <line num="24" type="stmt" count="1"/>
        <line num="25" type="stmt" count="1"/>
        <line num="26" type="stmt" count="1"/>
        <line num="28" type="stmt" count="1"/>
        <metrics loc="30" ncloc="30" classes="1" methods="1" coveredmethods="1" conditionals="0" coveredconditionals="0" statements="7" coveredstatements="7" elements="8" coveredelements="8"/>
      </file>
    </package>
    <package name="teewurst\Prs4AdvancedWildcardComposer\Pipeline">
      <file name="C:\Users\martin.ruf\projects\sonstiges\psr4-wildcard-composer-plugin\src\Pipeline\Payload.php">
        <class name="teewurst\Prs4AdvancedWildcardComposer\Pipeline\Payload" namespace="teewurst\Prs4AdvancedWildcardComposer\Pipeline" fullPackage="teewurst" package="teewurst">
          <metrics complexity="8" methods="8" coveredmethods="8" conditionals="0" coveredconditionals="0" statements="12" coveredstatements="12" elements="20" coveredelements="20"/>
        </class>
        <line num="28" type="method" name="setPsr4Definitions" visibility="public" complexity="1" crap="1" count="2"/>
        <line num="30" type="stmt" count="2"/>
        <line num="31" type="stmt" count="2"/>
        <line num="38" type="method" name="getPsr4Definitions" visibility="public" complexity="1" crap="1" count="2"/>
        <line num="40" type="stmt" count="2"/>
        <line num="47" type="method" name="setAdvancedWildcards" visibility="public" complexity="1" crap="1" count="2"/>
        <line num="49" type="stmt" count="2"/>
        <line num="50" type="stmt" count="2"/>
        <line num="57" type="method" name="getAdvancedWildcards" visibility="public" complexity="1" crap="1" count="2"/>
        <line num="59" type="stmt" count="2"/>
        <line num="66" type="method" name="setDevPsr4Definitions" visibility="public" complexity="1" crap="1" count="2"/>
        <line num="68" type="stmt" count="2"/>
        <line num="69" type="stmt" count="2"/>
        <line num="74" type="method" name="getDevPsr4Definitions" visibility="public" complexity="1" crap="1" count="2"/>
        <line num="76" type="stmt" count="2"/>
        <line num="83" type="method" name="setDevAdvancedWildcards" visibility="public" complexity="1" crap="1" count="2"/>
        <line num="85" type="stmt" count="2"/>
        <line num="86" type="stmt" count="2"/>
        <line num="93" type="method" name="getDevAdvancedWildcards" visibility="public" complexity="1" crap="1" count="2"/>
        <line num="95" type="stmt" count="2"/>
        <metrics loc="97" ncloc="53" classes="1" methods="8" coveredmethods="8" conditionals="0" coveredconditionals="0" statements="12" coveredstatements="12" elements="20" coveredelements="20"/>
      </file>
      <file name="C:\Users\martin.ruf\projects\sonstiges\psr4-wildcard-composer-plugin\src\Pipeline\Pipeline.php">
        <class name="teewurst\Prs4AdvancedWildcardComposer\Pipeline\Pipeline" namespace="teewurst\Prs4AdvancedWildcardComposer\Pipeline" fullPackage="teewurst" package="teewurst">
          <metrics complexity="5" methods="3" coveredmethods="3" conditionals="0" coveredconditionals="0" statements="7" coveredstatements="7" elements="10" coveredelements="10"/>
        </class>
        <line num="27" type="method" name="pipe" visibility="public" complexity="1" crap="1" count="2"/>
        <line num="29" type="stmt" count="2"/>
        <line num="30" type="stmt" count="2"/>
        <line num="38" type="method" name="handle" visibility="public" complexity="2" crap="2" count="3"/>
        <line num="40" type="stmt" count="3"/>
        <line num="42" type="stmt" count="3"/>
        <line num="43" type="stmt" count="3"/>
        <line num="46" type="stmt" count="2"/>
        <line num="49" type="method" name="next" visibility="private" complexity="2" crap="2" count="3"/>
        <line num="51" type="stmt" count="3"/>
        <metrics loc="53" ncloc="32" classes="1" methods="3" coveredmethods="3" conditionals="0" coveredconditionals="0" statements="7" coveredstatements="7" elements="10" coveredelements="10"/>
      </file>
    </package>
    <package name="teewurst\Prs4AdvancedWildcardComposer\Pipeline\Task\Factory">
      <file name="C:\Users\martin.ruf\projects\sonstiges\psr4-wildcard-composer-plugin\src\Pipeline\Task\Factory\GenerateComposerDeveplomentJsonTaskFactory.php">
        <class name="teewurst\Prs4AdvancedWildcardComposer\Pipeline\Task\Factory\GenerateComposerDeveplomentJsonTaskFactory" namespace="teewurst\Prs4AdvancedWildcardComposer\Pipeline\Task\Factory">
          <metrics complexity="1" methods="1" coveredmethods="1" conditionals="0" coveredconditionals="0" statements="4" coveredstatements="4" elements="5" coveredelements="5"/>
        </class>
        <line num="15" type="method" name="__invoke" visibility="public" complexity="1" crap="1" count="1"/>
        <line num="18" type="stmt" count="1"/>
        <line num="19" type="stmt" count="1"/>
        <line num="20" type="stmt" count="1"/>
        <line num="21" type="stmt" count="1"/>
        <metrics loc="24" ncloc="23" classes="1" methods="1" coveredmethods="1" conditionals="0" coveredconditionals="0" statements="4" coveredstatements="4" elements="5" coveredelements="5"/>
      </file>
      <file name="C:\Users\martin.ruf\projects\sonstiges\psr4-wildcard-composer-plugin\src\Pipeline\Task\Factory\IterateAndTranslateTaskFactory.php">
        <class name="teewurst\Prs4AdvancedWildcardComposer\Pipeline\Task\Factory\IterateAndTranslateTaskFactory" namespace="teewurst\Prs4AdvancedWildcardComposer\Pipeline\Task\Factory">
          <metrics complexity="1" methods="1" coveredmethods="1" conditionals="0" coveredconditionals="0" statements="2" coveredstatements="2" elements="3" coveredelements="3"/>
        </class>
        <line num="22" type="method" name="__invoke" visibility="public" complexity="1" crap="1" count="1"/>
        <line num="25" type="stmt" count="1"/>
        <line num="26" type="stmt" count="1"/>
        <metrics loc="28" ncloc="19" classes="1" methods="1" coveredmethods="1" conditionals="0" coveredconditionals="0" statements="2" coveredstatements="2" elements="3" coveredelements="3"/>
      </file>
      <file name="C:\Users\martin.ruf\projects\sonstiges\psr4-wildcard-composer-plugin\src\Pipeline\Task\Factory\LoadPsr7AutoloadDefinitionsTaskFactory.php">
        <class name="teewurst\Prs4AdvancedWildcardComposer\Pipeline\Task\Factory\LoadPsr7AutoloadDefinitionsTaskFactory" namespace="teewurst\Prs4AdvancedWildcardComposer\Pipeline\Task\Factory">
          <metrics complexity="1" methods="1" coveredmethods="1" conditionals="0" coveredconditionals="0" statements="1" coveredstatements="1" elements="2" coveredelements="2"/>
        </class>
        <line num="15" type="method" name="__invoke" visibility="public" complexity="1" crap="1" count="1"/>
        <line num="17" type="stmt" count="1"/>
        <metrics loc="19" ncloc="19" classes="1" methods="1" coveredmethods="1" conditionals="0" coveredconditionals="0" statements="1" coveredstatements="1" elements="2" coveredelements="2"/>
      </file>
      <file name="C:\Users\martin.ruf\projects\sonstiges\psr4-wildcard-composer-plugin\src\Pipeline\Task\Factory\ReplacePsr4AutoloadTaskFactory.php">
        <class name="teewurst\Prs4AdvancedWildcardComposer\Pipeline\Task\Factory\ReplacePsr4AutoloadTaskFactory" namespace="teewurst\Prs4AdvancedWildcardComposer\Pipeline\Task\Factory">
          <metrics complexity="1" methods="1" coveredmethods="1" conditionals="0" coveredconditionals="0" statements="1" coveredstatements="1" elements="2" coveredelements="2"/>
        </class>
        <line num="14" type="method" name="__invoke" visibility="public" complexity="1" crap="1" count="1"/>
        <line num="16" type="stmt" count="1"/>
        <metrics loc="18" ncloc="18" classes="1" methods="1" coveredmethods="1" conditionals="0" coveredconditionals="0" statements="1" coveredstatements="1" elements="2" coveredelements="2"/>
      </file>
    </package>
    <package name="teewurst\Prs4AdvancedWildcardComposer\Pipeline\Task">
      <file name="C:\Users\martin.ruf\projects\sonstiges\psr4-wildcard-composer-plugin\src\Pipeline\Task\FilterAndValidateWildcardsTask.php">
        <class name="teewurst\Prs4AdvancedWildcardComposer\Pipeline\Task\FilterAndValidateWildcardsTask" namespace="teewurst\Prs4AdvancedWildcardComposer\Pipeline\Task" fullPackage="teewurst" package="teewurst">
          <metrics complexity="11" methods="4" coveredmethods="4" conditionals="0" coveredconditionals="0" statements="23" coveredstatements="23" elements="27" coveredelements="27"/>
        </class>
        <line num="28" type="method" name="__invoke" visibility="public" complexity="3" crap="3" count="3"/>
        <line num="30" type="stmt" count="3"/>
        <line num="31" type="stmt" count="3"/>
        <line num="33" type="stmt" count="3"/>
        <line num="34" type="stmt" count="3"/>
        <line num="37" type="stmt" count="3"/>
        <line num="38" type="stmt" count="1"/>
        <line num="41" type="stmt" count="2"/>
        <line num="42" type="stmt" count="2"/>
        <line num="44" type="stmt" count="2"/>
        <line num="52" type="method" name="countStringReplacements" visibility="private" complexity="1" crap="1" count="3"/>
        <line num="54" type="stmt" count="3"/>
        <line num="57" type="method" name="validate" visibility="private" complexity="1" crap="1" count="3"/>
        <line num="59" type="stmt" count="3"/>
        <line num="60" type="stmt" count="3"/>
        <line num="68" type="method" name="findWildcards" visibility="private" complexity="6" crap="6" count="3"/>
        <line num="70" type="stmt" count="3"/>
        <line num="72" type="stmt" count="3"/>
        <line num="75" type="stmt" count="3"/>
        <line num="76" type="stmt" count="3"/>
        <line num="79" type="stmt" count="3"/>
        <line num="80" type="stmt" count="3"/>
        <line num="84" type="stmt" count="3"/>
        <line num="86" type="stmt" count="3"/>
        <line num="88" type="stmt" count="3"/>
        <line num="93" type="stmt" count="2"/>
        <line num="96" type="stmt" count="3"/>
        <metrics loc="98" ncloc="62" classes="1" methods="4" coveredmethods="4" conditionals="0" coveredconditionals="0" statements="23" coveredstatements="23" elements="27" coveredelements="27"/>
      </file>
      <file name="C:\Users\martin.ruf\projects\sonstiges\psr4-wildcard-composer-plugin\src\Pipeline\Task\GenerateComposerDeveplomentJsonTask.php">
        <class name="teewurst\Prs4AdvancedWildcardComposer\Pipeline\Task\GenerateComposerDeveplomentJsonTask" namespace="teewurst\Prs4AdvancedWildcardComposer\Pipeline\Task" fullPackage="teewurst" package="teewurst">
          <metrics complexity="3" methods="2" coveredmethods="2" conditionals="0" coveredconditionals="0" statements="7" coveredstatements="7" elements="9" coveredelements="9"/>
        </class>
        <line num="26" type="method" name="__construct" visibility="public" complexity="1" crap="1" count="3"/>
        <line num="28" type="stmt" count="3"/>
        <line num="29" type="stmt" count="3"/>
        <line num="30" type="stmt" count="3"/>
        <line num="40" type="method" name="__invoke" visibility="public" complexity="2" crap="2" count="3"/>
        <line num="42" type="stmt" count="3"/>
        <line num="43" type="stmt" count="2"/>
        <line num="44" type="stmt" count="2"/>
        <line num="47" type="stmt" count="3"/>
        <metrics loc="49" ncloc="31" classes="1" methods="2" coveredmethods="2" conditionals="0" coveredconditionals="0" statements="7" coveredstatements="7" elements="9" coveredelements="9"/>
      </file>
      <file name="C:\Users\martin.ruf\projects\sonstiges\psr4-wildcard-composer-plugin\src\Pipeline\Task\IterateAndTranslateTask.php">
        <class name="teewurst\Prs4AdvancedWildcardComposer\Pipeline\Task\IterateAndTranslateTask" namespace="teewurst\Prs4AdvancedWildcardComposer\Pipeline\Task" fullPackage="teewurst" package="teewurst">
          <metrics complexity="11" methods="5" coveredmethods="5" conditionals="0" coveredconditionals="0" statements="40" coveredstatements="40" elements="45" coveredelements="45"/>
        </class>
        <line num="24" type="method" name="__construct" visibility="public" complexity="2" crap="2" count="4"/>
        <line num="26" type="stmt" count="4"/>
        <line num="28" type="stmt" count="1"/>
        <line num="29" type="stmt" count="1"/>
        <line num="30" type="stmt" count="1"/>
        <line num="33" type="stmt" count="4"/>
        <line num="34" type="stmt" count="4"/>
        <line num="44" type="method" name="__invoke" visibility="public" complexity="1" crap="1" count="4"/>
        <line num="46" type="stmt" count="4"/>
        <line num="47" type="stmt" count="4"/>
        <line num="49" type="stmt" count="4"/>
        <line num="50" type="stmt" count="4"/>
        <line num="52" type="stmt" count="4"/>
        <line num="53" type="stmt" count="4"/>
        <line num="55" type="stmt" count="4"/>
        <line num="56" type="stmt" count="4"/>
        <line num="58" type="stmt" count="4"/>
        <line num="68" type="method" name="getMatchingFolders" visibility="private" complexity="2" crap="2" count="4"/>
        <line num="70" type="stmt" count="4"/>
        <line num="77" type="method" name="getRegexFromGlob" visibility="private" complexity="1" crap="1" count="3"/>
        <line num="79" type="stmt" count="3"/>
        <line num="80" type="stmt" count="3"/>
        <line num="81" type="stmt" count="3"/>
        <line num="82" type="stmt" count="3"/>
        <line num="83" type="stmt" count="3"/>
        <line num="92" type="method" name="replaceNamespaces" visibility="private" complexity="5" crap="5" count="4"/>
        <line num="93" type="stmt" count="4"/>
        <line num="94" type="stmt" count="4"/>
        <line num="95" type="stmt" count="4"/>
        <line num="97" type="stmt" count="4"/>
        <line num="98" type="stmt" count="3"/>
        <line num="101" type="stmt" count="4"/>
        <line num="102" type="stmt" count="4"/>
        <line num="103" type="stmt" count="4"/>
        <line num="105" type="stmt" count="3"/>
        <line num="108" type="stmt" count="3"/>
        <line num="109" type="stmt" count="3"/>
        <line num="110" type="stmt" count="3"/>
        <line num="111" type="stmt" count="3"/>
        <line num="115" type="stmt" count="3"/>
        <line num="116" type="stmt" count="3"/>
        <line num="119" type="stmt" count="4"/>
        <line num="123" type="stmt" count="4"/>
        <line num="126" type="stmt" count="4"/>
        <line num="128" type="stmt" count="4"/>
        <metrics loc="130" ncloc="88" classes="1" methods="5" coveredmethods="5" conditionals="0" coveredconditionals="0" statements="40" coveredstatements="40" elements="45" coveredelements="45"/>
      </file>
      <file name="C:\Users\martin.ruf\projects\sonstiges\psr4-wildcard-composer-plugin\src\Pipeline\Task\LoadPsr7AutoloadDefinitionsTask.php">
        <class name="teewurst\Prs4AdvancedWildcardComposer\Pipeline\Task\LoadPsr7AutoloadDefinitionsTask" namespace="teewurst\Prs4AdvancedWildcardComposer\Pipeline\Task" fullPackage="teewurst" package="teewurst">
          <metrics complexity="3" methods="2" coveredmethods="2" conditionals="0" coveredconditionals="0" statements="11" coveredstatements="11" elements="13" coveredelements="13"/>
        </class>
        <line num="30" type="method" name="__construct" visibility="public" complexity="1" crap="1" count="3"/>
        <line num="32" type="stmt" count="3"/>
        <line num="33" type="stmt" count="3"/>
        <line num="43" type="method" name="__invoke" visibility="public" complexity="2" crap="2" count="3"/>
        <line num="45" type="stmt" count="3"/>
        <line num="46" type="stmt" count="3"/>
        <line num="49" type="stmt" count="3"/>
        <line num="51" type="stmt" count="1"/>
        <line num="54" type="stmt" count="2"/>
        <line num="55" type="stmt" count="2"/>
        <line num="57" type="stmt" count="2"/>
        <line num="58" type="stmt" count="2"/>
        <line num="59" type="stmt" count="2"/>
        <metrics loc="61" ncloc="35" classes="1" methods="2" coveredmethods="2" conditionals="0" coveredconditionals="0" statements="11" coveredstatements="11" elements="13" coveredelements="13"/>
      </file>
      <file name="C:\Users\martin.ruf\projects\sonstiges\psr4-wildcard-composer-plugin\src\Pipeline\Task\ReplacePsr4AutoloadTask.php">
        <class name="teewurst\Prs4AdvancedWildcardComposer\Pipeline\Task\ReplacePsr4AutoloadTask" namespace="teewurst\Prs4AdvancedWildcardComposer\Pipeline\Task" fullPackage="teewurst" package="teewurst">
          <metrics complexity="2" methods="2" coveredmethods="2" conditionals="0" coveredconditionals="0" statements="10" coveredstatements="10" elements="12" coveredelements="12"/>
        </class>
        <line num="25" type="method" name="__construct" visibility="public" complexity="1" crap="1" count="2"/>
        <line num="27" type="stmt" count="2"/>
        <line num="28" type="stmt" count="2"/>
        <line num="38" type="method" name="__invoke" visibility="public" complexity="1" crap="1" count="2"/>
        <line num="40" type="stmt" count="2"/>
        <line num="42" type="stmt" count="2"/>
        <line num="43" type="stmt" count="2"/>
        <line num="45" type="stmt" count="2"/>
        <line num="46" type="stmt" count="2"/>
        <line num="48" type="stmt" count="2"/>
        <line num="49" type="stmt" count="2"/>
        <line num="51" type="stmt" count="2"/>
        <metrics loc="53" ncloc="36" classes="1" methods="2" coveredmethods="2" conditionals="0" coveredconditionals="0" statements="10" coveredstatements="10" elements="12" coveredelements="12"/>
      </file>
    </package>
    <file name="C:\Users\martin.ruf\projects\sonstiges\psr4-wildcard-composer-plugin\src\Pipeline\Task\TaskInterface.php">
      <metrics loc="29" ncloc="13" classes="0" methods="0" coveredmethods="0" conditionals="0" coveredconditionals="0" statements="0" coveredstatements="0" elements="0" coveredelements="0"/>
    </file>
    <package name="teewurst\Prs4AdvancedWildcardComposer">
      <file name="C:\Users\martin.ruf\projects\sonstiges\psr4-wildcard-composer-plugin\src\Plugin.php">
        <class name="teewurst\Prs4AdvancedWildcardComposer\Plugin" namespace="teewurst\Prs4AdvancedWildcardComposer" fullPackage="teewurst" package="teewurst">
          <metrics complexity="11" methods="8" coveredmethods="8" conditionals="0" coveredconditionals="0" statements="24" coveredstatements="24" elements="32" coveredelements="32"/>
        </class>
        <line num="40" type="method" name="__construct" visibility="public" complexity="1" crap="1" count="5"/>
        <line num="42" type="stmt" count="5"/>
        <line num="43" type="stmt" count="5"/>
        <line num="51" type="method" name="activate" visibility="public" complexity="1" crap="1" count="2"/>
        <line num="53" type="stmt" count="2"/>
        <line num="54" type="stmt" count="2"/>
        <line num="55" type="stmt" count="2"/>
        <line num="57" type="method" name="getSubscribedEvents" visibility="public" complexity="1" crap="1" count="2"/>
        <line num="60" type="stmt" count="2"/>
        <line num="64" type="method" name="translateAdvancedHooks" visibility="public" complexity="3" crap="3" count="3"/>
        <line num="67" type="stmt" count="3"/>
        <line num="70" type="stmt" count="3"/>
        <line num="71" type="stmt" count="3"/>
        <line num="72" type="stmt" count="3"/>
        <line num="75" type="stmt" count="3"/>
        <line num="76" type="stmt" count="3"/>
        <line num="79" type="stmt" count="3"/>
        <line num="80" type="stmt" count="1"/>
        <line num="84" type="stmt" count="2"/>
        <line num="85" type="stmt" count="2"/>
        <line num="93" type="method" name="getDiContainer" visibility="public" complexity="2" crap="2" count="4"/>
        <line num="95" type="stmt" count="4"/>
        <line num="96" type="stmt" count="2"/>
        <line num="97" type="stmt" count="2"/>
        <line num="100" type="stmt" count="4"/>
        <line num="108" type="method" name="getComposer" visibility="public" complexity="1" crap="1" count="1"/>
        <line num="110" type="stmt" count="1"/>
        <line num="118" type="method" name="getIo" visibility="public" complexity="1" crap="1" count="1"/>
        <line num="120" type="stmt" count="1"/>
        <line num="130" type="method" name="setDiContainer" visibility="public" complexity="1" crap="1" count="2"/>
        <line num="132" type="stmt" count="2"/>
        <line num="133" type="stmt" count="2"/>
        <metrics loc="134" ncloc="80" classes="1" methods="8" coveredmethods="8" conditionals="0" coveredconditionals="0" statements="24" coveredstatements="24" elements="32" coveredelements="32"/>
      </file>
    </package>
    <file name="C:\Users\martin.ruf\projects\sonstiges\psr4-wildcard-composer-plugin\src\config.php">
      <line num="25" type="stmt" count="1"/>
      <metrics loc="37" ncloc="33" classes="0" methods="0" coveredmethods="0" conditionals="0" coveredconditionals="0" statements="1" coveredstatements="1" elements="1" coveredelements="1"/>
    </file>
    <metrics files="20" loc="1076" ncloc="701" classes="17" methods="48" coveredmethods="48" conditionals="0" coveredconditionals="0" statements="180" coveredstatements="180" elements="228" coveredelements="228"/>
  </project>
</coverage>
